[90m10:26PM[0m [32mINF[0m [1m🐶 K9s starting up...[0m
[90m10:26PM[0m [31mERR[0m [1mFail to locate metrics-server[0m [36merror=[0m[31m[1m"No metrics api group metrics.k8s.io found on cluster"[0m[0m
[90m10:26PM[0m [32mINF[0m [1m✅ Kubernetes connectivity[0m
[90m10:40PM[0m [33mWRN[0m [1mlog-reader canceled[0m [36merror=[0m[31m[1m"Stream canceled context canceled for default/hello-v1-544b7b879b-dpp6s (hello-v1)"[0m[0m
[90m10:40PM[0m [33mWRN[0m [1mlog-reader EOF[0m [36merror=[0m[31m[1m"Stream closed EOF for default/hello-v1-544b7b879b-dpp6s (hello-v1)"[0m[0m
[90m10:40PM[0m [33mWRN[0m [1mlog-reader EOF[0m [36merror=[0m[31m[1m"Stream closed EOF for default/hello-v1-544b7b879b-dpp6s (hello-v1)"[0m[0m
[90m10:40PM[0m [33mWRN[0m [1mlog-reader EOF[0m [36merror=[0m[31m[1m"Stream closed EOF for default/hello-v1-544b7b879b-dpp6s (hello-v1)"[0m[0m
[90m10:40PM[0m [33mWRN[0m [1mlog-reader EOF[0m [36merror=[0m[31m[1m"Stream closed EOF for default/hello-v1-544b7b879b-dpp6s (hello-v1)"[0m[0m
[90m10:40PM[0m [33mWRN[0m [1mlog-reader EOF[0m [36merror=[0m[31m[1m"Stream closed EOF for default/hello-v1-544b7b879b-dpp6s (hello-v1)"[0m[0m
[90m10:40PM[0m [33mWRN[0m [1mlog-reader EOF[0m [36merror=[0m[31m[1m"Stream closed EOF for default/hello-v1-544b7b879b-dpp6s (hello-v1)"[0m[0m
[90m10:40PM[0m [33mWRN[0m [1mlog-reader EOF[0m [36merror=[0m[31m[1m"Stream closed EOF for default/hello-v1-544b7b879b-dpp6s (hello-v1)"[0m[0m
[90m10:40PM[0m [32mINF[0m [1m🐶 K9s starting up...[0m
[90m10:40PM[0m [31mERR[0m [1mFail to locate metrics-server[0m [36merror=[0m[31m[1m"No metrics api group metrics.k8s.io found on cluster"[0m[0m
[90m10:40PM[0m [32mINF[0m [1m✅ Kubernetes connectivity[0m
[90m10:42PM[0m [31mERR[0m [1mno port-forward defined[0m
[90m10:42PM[0m [31mERR[0m [1mno port-forward defined[0m
[90m10:42PM[0m [31mERR[0m [1mno port-forward defined[0m
[90m10:42PM[0m [31mERR[0m [1mno port-forward defined[0m
[90m10:43PM[0m [33mWRN[0m [1mlog-reader canceled[0m [36merror=[0m[31m[1m"Stream canceled context canceled for default/hello-v1-544b7b879b-48xcs (hello-v1)"[0m[0m
[90m10:46PM[0m [33mWRN[0m [1mDeleted (0) portforward for "default/hello-v1-544b7b879b-48xcs|hello-v1|8080:8080"[0m
[90m10:48PM[0m [33mWRN[0m [1mlog-reader canceled[0m [36merror=[0m[31m[1m"Stream canceled context canceled for default/hello-v1-544b7b879b-5qg98 (hello-v1)"[0m[0m
[90m10:52PM[0m [33mWRN[0m [1mlog-reader canceled[0m [36merror=[0m[31m[1m"Stream canceled context canceled for default/hello-v1-544b7b879b-5qg98 (hello-v1)"[0m[0m
[90m11:08PM[0m [32mINF[0m [1m🐶 K9s starting up...[0m
[90m11:08PM[0m [31mERR[0m [1mFail to locate metrics-server[0m [36merror=[0m[31m[1m"No metrics api group metrics.k8s.io found on cluster"[0m[0m
[90m11:08PM[0m [32mINF[0m [1m✅ Kubernetes connectivity[0m
[90m11:10PM[0m [32mINF[0m [1m🐶 K9s starting up...[0m
[90m11:10PM[0m [31mERR[0m [1mFail to locate metrics-server[0m [36merror=[0m[31m[1m"No metrics api group metrics.k8s.io found on cluster"[0m[0m
[90m11:10PM[0m [32mINF[0m [1m✅ Kubernetes connectivity[0m
[90m11:13PM[0m [32mINF[0m [1m🐶 K9s starting up...[0m
[90m11:13PM[0m [31mERR[0m [1mFail to locate metrics-server[0m [36merror=[0m[31m[1m"No metrics api group metrics.k8s.io found on cluster"[0m[0m
[90m11:13PM[0m [32mINF[0m [1m✅ Kubernetes connectivity[0m
[90m11:21PM[0m [32mINF[0m [1m🐶 K9s starting up...[0m
[90m11:21PM[0m [31mERR[0m [1mFail to locate metrics-server[0m [36merror=[0m[31m[1m"No metrics api group metrics.k8s.io found on cluster"[0m[0m
[90m11:21PM[0m [32mINF[0m [1m✅ Kubernetes connectivity[0m
[90m11:22PM[0m [32mINF[0m [1m🐶 K9s starting up...[0m
[90m11:22PM[0m [31mERR[0m [1mFail to locate metrics-server[0m [36merror=[0m[31m[1m"No metrics api group metrics.k8s.io found on cluster"[0m[0m
[90m11:22PM[0m [32mINF[0m [1m✅ Kubernetes connectivity[0m
[90m11:23PM[0m [32mINF[0m [1m🐶 K9s starting up...[0m
[90m11:23PM[0m [31mERR[0m [1mFail to locate metrics-server[0m [36merror=[0m[31m[1m"No metrics api group metrics.k8s.io found on cluster"[0m[0m
[90m11:23PM[0m [32mINF[0m [1m✅ Kubernetes connectivity[0m
[90m11:24PM[0m [32mINF[0m [1m🐶 K9s starting up...[0m
[90m11:24PM[0m [31mERR[0m [1mFail to locate metrics-server[0m [36merror=[0m[31m[1m"No metrics api group metrics.k8s.io found on cluster"[0m[0m
[90m11:24PM[0m [32mINF[0m [1m✅ Kubernetes connectivity[0m
[90m11:25PM[0m [32mINF[0m [1m🐶 K9s starting up...[0m
[90m11:25PM[0m [31mERR[0m [1mFail to locate metrics-server[0m [36merror=[0m[31m[1m"No metrics api group metrics.k8s.io found on cluster"[0m[0m
[90m11:25PM[0m [32mINF[0m [1m✅ Kubernetes connectivity[0m
[90m11:29PM[0m [32mINF[0m [1m🐶 K9s starting up...[0m
[90m11:29PM[0m [31mERR[0m [1mFail to locate metrics-server[0m [36merror=[0m[31m[1m"No metrics api group metrics.k8s.io found on cluster"[0m[0m
[90m11:29PM[0m [32mINF[0m [1m✅ Kubernetes connectivity[0m
[90m11:29PM[0m [31mERR[0m [1mFail to load global/context configuration[0m [36merror=[0m[31m[1m"k9s config file \"/Users/jihillestad/Library/Application Support/k9s/config.yaml\" load failed:\nAdditional property skin is not allowed"[0m[0m
[90m11:31PM[0m [32mINF[0m [1m🐶 K9s starting up...[0m
[90m11:31PM[0m [31mERR[0m [1mFail to locate metrics-server[0m [36merror=[0m[31m[1m"No metrics api group metrics.k8s.io found on cluster"[0m[0m
[90m11:31PM[0m [32mINF[0m [1m✅ Kubernetes connectivity[0m
[90m11:46PM[0m [32mINF[0m [1m🐶 K9s starting up...[0m
[90m11:46PM[0m [31mERR[0m [1mFail to locate metrics-server[0m [36merror=[0m[31m[1m"No metrics api group metrics.k8s.io found on cluster"[0m[0m
[90m11:46PM[0m [32mINF[0m [1m✅ Kubernetes connectivity[0m
